2024-09-30 11:53:31 INFO     Loading data...
    DATABASE: sqlite:////Users/juanitasmith/Documents/Udacity/projects/disaster_recovery_pipelines/data/clean/DisasterResponse.db
2024-09-30 11:53:31 INFO     Loading data...
2024-09-30 11:53:31 INFO     Number of messages found 26179
2024-09-30 11:53:31 INFO      35 categories found: ['related', 'request', 'offer', 'aid_related', 'medical_help', 'medical_products', 'search_and_rescue', 'security', 'military', 'water', 'food', 'shelter', 'clothing', 'money', 'missing_people', 'refugees', 'death', 'other_aid', 'infrastructure_related', 'transport', 'buildings', 'electricity', 'tools', 'hospitals', 'shops', 'aid_centers', 'other_infrastructure', 'weather_related', 'floods', 'storm', 'fire', 'earthquake', 'cold', 'other_weather', 'direct_report']
2024-09-30 11:53:31 INFO     Shape X: (26179, 2)
2024-09-30 11:53:31 INFO     Shape y: (26179, 35)
2024-09-30 11:53:31 INFO     Building model...
2024-09-30 11:53:31 INFO     Splitting data into training and testing datasets...
2024-09-30 11:53:33 INFO     Training shapes before augmentation: (19635, 2) (19635, 35)
2024-09-30 11:54:03 INFO     Training shapes after augmentation: (34364, 2) (34364, 35)
2024-09-30 11:54:03 INFO     Training model with gridsearch...
2024-09-30 11:54:03 INFO     Grid search triggered... 
2024-09-30 12:56:40 INFO     Best score: 0.9329823234020642
2024-09-30 12:56:40 INFO     Best Parameters:
2024-09-30 12:56:40 INFO     
Refit the model with best parameters
2024-09-30 13:04:30 INFO     Evaluating model...
2024-09-30 13:04:56 INFO     Saving model...
    MODEL: /Users/juanitasmith/Documents/Udacity/projects/disaster_recovery_pipelines/models/classifier.pkl
2024-09-30 13:04:56 INFO     Trained model saved!
